<?xml version="1.0" encoding="UTF-8"?>
<testng-results ignored="0" total="3" passed="3" failed="0" skipped="0">
  <reporter-output>
  </reporter-output>
  <suite started-at="2023-09-08T15:22:14 IST" name="Default suite" finished-at="2023-09-08T15:22:53 IST" duration-ms="38851">
    <groups>
    </groups>
    <test started-at="2023-09-08T15:22:14 IST" name="Default test" finished-at="2023-09-08T15:22:53 IST" duration-ms="38851">
      <class name="tests.BasicTest5">
        <test-method signature="TestLogin(java.lang.String,java.lang.String,java.lang.String)[pri:0, instance:tests.BasicTest5@63376bed]" started-at="2023-09-08T15:22:15 IST" name="TestLogin" data-provider="loginData" finished-at="2023-09-08T15:22:27 IST" duration-ms="12409" status="PASS">
          <params>
            <param index="0">
              <value>
                <![CDATA[mercury]]>
              </value>
            </param>
            <param index="1">
              <value>
                <![CDATA[mercury]]>
              </value>
            </param>
            <param index="2">
              <value>
                <![CDATA[fail]]>
              </value>
            </param>
          </params>
          <reporter-output>
          </reporter-output>
        </test-method> <!-- TestLogin -->
        <test-method signature="TestLogin(java.lang.String,java.lang.String,java.lang.String)[pri:0, instance:tests.BasicTest5@63376bed]" started-at="2023-09-08T15:22:27 IST" name="TestLogin" data-provider="loginData" finished-at="2023-09-08T15:22:39 IST" duration-ms="11850" status="PASS">
          <params>
            <param index="0">
              <value>
                <![CDATA[Itest@test.com]]>
              </value>
            </param>
            <param index="1">
              <value>
                <![CDATA[Itest@test]]>
              </value>
            </param>
            <param index="2">
              <value>
                <![CDATA[pass]]>
              </value>
            </param>
          </params>
          <reporter-output>
          </reporter-output>
        </test-method> <!-- TestLogin -->
        <test-method signature="TestLogin(java.lang.String,java.lang.String,java.lang.String)[pri:0, instance:tests.BasicTest5@63376bed]" started-at="2023-09-08T15:22:39 IST" name="TestLogin" data-provider="loginData" finished-at="2023-09-08T15:22:53 IST" duration-ms="13742" status="PASS">
          <params>
            <param index="0">
              <value>
                <![CDATA[admin]]>
              </value>
            </param>
            <param index="1">
              <value>
                <![CDATA[admin123]]>
              </value>
            </param>
            <param index="2">
              <value>
                <![CDATA[fail]]>
              </value>
            </param>
          </params>
          <reporter-output>
          </reporter-output>
        </test-method> <!-- TestLogin -->
      </class> <!-- tests.BasicTest5 -->
    </test> <!-- Default test -->
  </suite> <!-- Default suite -->
</testng-results>
