<?xml version="1.0" encoding="UTF-8"?>
<!-- Generated by org.testng.reporters.JUnitXMLReporter -->
<testsuite ignored="0" hostname="LAPTOP-UDU34NSP" failures="0" tests="3" name="Default test" time="38.851" errors="0" timestamp="2023-09-08T15:22:53 IST">
  <testcase classname="tests.BasicTest5" name="TestLogin" time="12.409"/>
  <testcase classname="tests.BasicTest5" name="TestLogin" time="11.85"/>
  <testcase classname="tests.BasicTest5" name="TestLogin" time="13.742"/>
</testsuite> <!-- Default test -->
